Command line:
   tb_PGCD_isim_beh.exe
     -simmode  gui
     -simrunnum  0
     -socket  56232

Thu Dec  7 09:49:20 2017


 Elaboration Time: 0.03 sec

 Current Memory Usage: 231.371 Meg

 Total Signals          : 112
 Total Nets             : 109
 Total Signal Drivers   : 37
 Total Blocks           : 16
 Total Primitive Blocks : 12
 Total Processes        : 33
 Total Traceable Variables  : 14
 Total Scalar Nets and Variables : 593
Total Line Count : 81

** Failure:Simulation terminé
User(VHDL) Code Called Simulation Stop
In process tb_pgcd.vhd:43 
 

Total Line Count : 81

** Failure:Simulation terminé
User(VHDL) Code Called Simulation Stop
In process tb_pgcd.vhd:43 
 


 Total Simulation Time: 0.45 sec

 Current Memory Usage: 305.828 Meg

Thu Dec  7 09:58:07 2017

