Command line:
   tb_auto_isim_beh.exe
     -simmode  gui
     -simrunnum  0
     -socket  37228

Wed Nov  8 16:03:22 2017


 Elaboration Time: 0.02 sec

 Current Memory Usage: 231.24 Meg

 Total Signals          : 33
 Total Nets             : 17
 Total Signal Drivers   : 17
 Total Blocks           : 6
 Total Primitive Blocks : 4
 Total Processes        : 16
 Total Traceable Variables  : 11
 Total Scalar Nets and Variables : 442
Total Line Count : 32

** Failure:Simulation terminée
User(VHDL) Code Called Simulation Stop
In process tb_auto.vhd:41 
 


 Total Simulation Time: 0.07 sec

 Current Memory Usage: 305.697 Meg

Wed Nov  8 16:06:21 2017

