Command line:
   tb_Compteur_isim_beh.exe
     -simmode  gui
     -simrunnum  0
     -socket  49347

Thu Nov 23 09:24:09 2017


 Elaboration Time: 0.03 sec

 Current Memory Usage: 231.305 Meg

 Total Signals          : 15
 Total Nets             : 71
 Total Signal Drivers   : 6
 Total Blocks           : 5
 Total Primitive Blocks : 3
 Total Processes        : 6
 Total Traceable Variables  : 15
 Total Scalar Nets and Variables : 556
Total Line Count : 12

 Total Simulation Time: 7.72 sec

 Current Memory Usage: 305.762 Meg

Thu Nov 23 09:27:05 2017

