Command line:
   tb_lfsr_isim_beh.exe
     -simmode  gui
     -simrunnum  0
     -socket  52925

Wed Nov  8 16:01:11 2017


 Elaboration Time: 0.01 sec

 Current Memory Usage: 231.24 Meg

 Total Signals          : 28
 Total Nets             : 9
 Total Signal Drivers   : 9
 Total Blocks           : 7
 Total Primitive Blocks : 5
 Total Processes        : 9
 Total Traceable Variables  : 8
 Total Scalar Nets and Variables : 369
Total Line Count : 21

 Total Simulation Time: 0.02 sec

 Current Memory Usage: 305.697 Meg

Wed Nov  8 16:01:20 2017

